app/build/intermediates/manifest_merge_blame_file/debug/manifest-merger-blame-debug-report.txt
1<?xml version="1.0" encoding="utf-8"?>
2<manifest xmlns:android="http://schemas.android.com/apk/res/android"
3    package="com.drivealert.Drowsiness.drivealert"
4    android:versionCode="5"
5    android:versionName="1.3" >
6
7    <uses-sdk
7-->src\main\AndroidManifest.xml:6:5-47
8        android:minSdkVersion="16"
8-->src\main\AndroidManifest.xml:6:5-47
9        android:targetSdkVersion="23" />
9-->src\main\AndroidManifest.xml:6:15-44
10
11    <uses-feature android:name="android.hardware.camera" />
11-->src\main\AndroidManifest.xml:8:5-60
11-->src\main\AndroidManifest.xml:8:19-57
12
13    <uses-permission android:name="android.permission.CAMERA" />
13-->src\main\AndroidManifest.xml:9:5-65
13-->src\main\AndroidManifest.xml:9:22-62
14    <uses-permission android:name="android.permission.READ_PHONE_STATE" />
14-->src\main\AndroidManifest.xml:10:5-75
14-->src\main\AndroidManifest.xml:10:22-72
15    <uses-permission android:name="android.permission.CAMERA" />
15-->src\main\AndroidManifest.xml:9:5-65
15-->src\main\AndroidManifest.xml:9:22-62
16
17    <!-- Include required permissions for Google Mobile Ads to run -->
18    <uses-permission android:name="android.permission.INTERNET" />
18-->[com.google.android.gms:play-services-ads-lite:9.4.0] AndroidManifest.xml:20:5-66
18-->[com.google.android.gms:play-services-ads-lite:9.4.0] AndroidManifest.xml:20:22-64
19    <uses-permission android:name="android.permission.ACCESS_NETWORK_STATE" /> <!-- Optional permission for Analytics to run. -->
19-->[com.google.android.gms:play-services-ads-lite:9.4.0] AndroidManifest.xml:21:5-78
19-->[com.google.android.gms:play-services-ads-lite:9.4.0] AndroidManifest.xml:21:22-76
20    <uses-permission android:name="android.permission.WAKE_LOCK" /> <!-- Permissions required for GCM -->
20-->[com.google.android.gms:play-services-analytics:9.4.0] AndroidManifest.xml:25:5-67
20-->[com.google.android.gms:play-services-analytics:9.4.0] AndroidManifest.xml:25:22-65
21    <uses-permission android:name="com.google.android.c2dm.permission.RECEIVE" />
21-->[com.google.android.gms:play-services-gcm:9.4.0] AndroidManifest.xml:21:5-82
21-->[com.google.android.gms:play-services-gcm:9.4.0] AndroidManifest.xml:21:22-79
22
23    <uses-feature
23-->[com.google.android.gms:play-services-maps:9.4.0] AndroidManifest.xml:22:5-24:33
24        android:glEsVersion="0x00020000"
24-->[com.google.android.gms:play-services-maps:9.4.0] AndroidManifest.xml:23:8-40
25        android:required="true" />
25-->[com.google.android.gms:play-services-maps:9.4.0] AndroidManifest.xml:24:8-31
26
27    <permission
27-->[com.google.firebase:firebase-iid:9.4.0] AndroidManifest.xml:25:5-26:47
28        android:name="com.drivealert.Drowsiness.drivealert.permission.C2D_MESSAGE"
28-->[com.google.firebase:firebase-iid:9.4.0] AndroidManifest.xml:25:17-71
29        android:protectionLevel="signature" />
29-->[com.google.firebase:firebase-iid:9.4.0] AndroidManifest.xml:26:9-44
30
31    <uses-permission android:name="com.drivealert.Drowsiness.drivealert.permission.C2D_MESSAGE" />
31-->[com.google.firebase:firebase-iid:9.4.0] AndroidManifest.xml:28:5-79
31-->[com.google.firebase:firebase-iid:9.4.0] AndroidManifest.xml:28:22-76
32
33    <application
33-->src\main\AndroidManifest.xml:12:5-42:19
34        android:name="android.support.multidex.MultiDexApplication"
34-->src\main\AndroidManifest.xml:15:9-68
35        android:allowBackup="true"
35-->src\main\AndroidManifest.xml:13:9-35
36        android:debuggable="true"
37        android:icon="@drawable/eye"
37-->src\main\AndroidManifest.xml:16:9-37
38        android:label="@string/app_name"
38-->src\main\AndroidManifest.xml:17:9-41
39        android:largeHeap="true"
39-->src\main\AndroidManifest.xml:14:9-33
40        android:supportsRtl="true"
40-->src\main\AndroidManifest.xml:18:9-35
41        android:theme="@style/AppTheme" >
41-->src\main\AndroidManifest.xml:19:9-40
42        <activity
42-->src\main\AndroidManifest.xml:20:9-22:52
43            android:name="com.example.callback.drowsiness.FaceTrackerActivity"
43-->src\main\AndroidManifest.xml:21:13-79
44            android:screenOrientation="portrait" />
44-->src\main\AndroidManifest.xml:22:13-49
45        <activity
45-->src\main\AndroidManifest.xml:23:9-25:52
46            android:name="com.example.callback.drowsiness.help"
46-->src\main\AndroidManifest.xml:24:13-64
47            android:screenOrientation="portrait" />
47-->src\main\AndroidManifest.xml:25:13-49
48        <activity
48-->src\main\AndroidManifest.xml:26:9-35:20
49            android:name="com.example.callback.drowsiness.MainActivity"
49-->src\main\AndroidManifest.xml:27:13-72
50            android:label="@string/app_name"
50-->src\main\AndroidManifest.xml:28:13-45
51            android:theme="@style/AppTheme.NoActionBar" >
51-->src\main\AndroidManifest.xml:29:13-56
52            <intent-filter>
52-->src\main\AndroidManifest.xml:30:13-34:29
53                <action android:name="android.intent.action.MAIN" />
53-->src\main\AndroidManifest.xml:31:17-69
53-->src\main\AndroidManifest.xml:31:25-66
54
55                <category android:name="android.intent.category.LAUNCHER" />
55-->src\main\AndroidManifest.xml:33:17-77
55-->src\main\AndroidManifest.xml:33:27-74
56            </intent-filter>
57        </activity>
58        <activity
58-->src\main\AndroidManifest.xml:36:9-38:52
59            android:name="com.example.callback.drowsiness.monitor_menu"
59-->src\main\AndroidManifest.xml:37:13-72
60            android:screenOrientation="portrait" />
60-->src\main\AndroidManifest.xml:38:13-49
61        <activity android:name="com.example.callback.drowsiness.end" />
61-->src\main\AndroidManifest.xml:39:9-72
61-->src\main\AndroidManifest.xml:39:19-69
62        <activity android:name="com.example.callback.drowsiness.google" />
62-->src\main\AndroidManifest.xml:40:9-43
62-->src\main\AndroidManifest.xml:40:19-41
63        <activity android:name="com.example.callback.drowsiness.contactus" />
63-->src\main\AndroidManifest.xml:41:9-78
63-->src\main\AndroidManifest.xml:41:19-75
64
65        <receiver android:name="com.google.android.gms.cast.framework.media.MediaIntentReceiver" />
65-->[com.google.android.gms:play-services-cast-framework:9.4.0] AndroidManifest.xml:6:9-100
65-->[com.google.android.gms:play-services-cast-framework:9.4.0] AndroidManifest.xml:6:19-97
66
67        <service android:name="com.google.android.gms.cast.framework.media.MediaNotificationService" />
67-->[com.google.android.gms:play-services-cast-framework:9.4.0] AndroidManifest.xml:7:9-104
67-->[com.google.android.gms:play-services-cast-framework:9.4.0] AndroidManifest.xml:7:18-101
68        <service android:name="com.google.android.gms.cast.framework.ReconnectionService" /> <!-- Include the AdActivity and InAppPurchaseActivity configChanges and themes. -->
68-->[com.google.android.gms:play-services-cast-framework:9.4.0] AndroidManifest.xml:8:9-92
68-->[com.google.android.gms:play-services-cast-framework:9.4.0] AndroidManifest.xml:8:18-90
69        <activity
69-->[com.google.android.gms:play-services-ads-lite:9.4.0] AndroidManifest.xml:26:9-29:64
70            android:name="com.google.android.gms.ads.AdActivity"
70-->[com.google.android.gms:play-services-ads-lite:9.4.0] AndroidManifest.xml:27:13-65
71            android:configChanges="keyboard|keyboardHidden|orientation|screenLayout|uiMode|screenSize|smallestScreenSize"
71-->[com.google.android.gms:play-services-ads-lite:9.4.0] AndroidManifest.xml:28:13-122
72            android:theme="@android:style/Theme.Translucent" />
72-->[com.google.android.gms:play-services-ads-lite:9.4.0] AndroidManifest.xml:29:13-61
73        <activity
73-->[com.google.android.gms:play-services-ads-lite:9.4.0] AndroidManifest.xml:30:9-31:52
74            android:name="com.google.android.gms.ads.purchase.InAppPurchaseActivity"
74-->[com.google.android.gms:play-services-ads-lite:9.4.0] AndroidManifest.xml:30:19-91
75            android:theme="@style/Theme.IAPTheme" />
75-->[com.google.android.gms:play-services-ads-lite:9.4.0] AndroidManifest.xml:31:13-50
76        <activity
76-->[com.google.android.gms:play-services-appinvite:9.4.0] AndroidManifest.xml:21:9-29:20
77            android:name="com.google.android.gms.appinvite.PreviewActivity"
77-->[com.google.android.gms:play-services-appinvite:9.4.0] AndroidManifest.xml:22:17-48
78            android:exported="true"
78-->[com.google.android.gms:play-services-appinvite:9.4.0] AndroidManifest.xml:23:17-40
79            android:theme="@style/Theme.AppInvite.Preview" >
79-->[com.google.android.gms:play-services-appinvite:9.4.0] AndroidManifest.xml:24:17-63
80            <intent-filter>
80-->[com.google.android.gms:play-services-appinvite:9.4.0] AndroidManifest.xml:25:13-28:29
81                <action android:name="com.google.android.gms.appinvite.ACTION_PREVIEW" />
81-->[com.google.android.gms:play-services-appinvite:9.4.0] AndroidManifest.xml:26:17-89
81-->[com.google.android.gms:play-services-appinvite:9.4.0] AndroidManifest.xml:26:25-87
82
83                <category android:name="android.intent.category.DEFAULT" />
83-->[com.google.android.gms:play-services-appinvite:9.4.0] AndroidManifest.xml:27:17-75
83-->[com.google.android.gms:play-services-appinvite:9.4.0] AndroidManifest.xml:27:27-73
84            </intent-filter>
85        </activity>
86        <activity
86-->[com.google.android.gms:play-services-auth:9.4.0] AndroidManifest.xml:21:9-24:46
87            android:name="com.google.android.gms.auth.api.signin.internal.SignInHubActivity"
87-->[com.google.android.gms:play-services-auth:9.4.0] AndroidManifest.xml:21:19-68
88            android:excludeFromRecents="true"
88-->[com.google.android.gms:play-services-auth:9.4.0] AndroidManifest.xml:23:19-52
89            android:exported="false"
89-->[com.google.android.gms:play-services-auth:9.4.0] AndroidManifest.xml:24:19-43
90            android:theme="@android:style/Theme.Translucent.NoTitleBar" />
90-->[com.google.android.gms:play-services-auth:9.4.0] AndroidManifest.xml:22:19-78
91        <!--
92Service handling Google Sign-In user revocation. For apps that do not integrate with
93            Google Sign-In, this service will never be started.
94        -->
95        <service
95-->[com.google.android.gms:play-services-auth:9.4.0] AndroidManifest.xml:28:9-31:110
96            android:name="com.google.android.gms.auth.api.signin.RevocationBoundService"
96-->[com.google.android.gms:play-services-auth:9.4.0] AndroidManifest.xml:29:13-58
97            android:exported="true"
97-->[com.google.android.gms:play-services-auth:9.4.0] AndroidManifest.xml:30:13-36
98            android:permission="com.google.android.gms.auth.api.signin.permission.REVOCATION_NOTIFICATION" />
98-->[com.google.android.gms:play-services-auth:9.4.0] AndroidManifest.xml:31:13-107
99        <service
99-->[com.google.firebase:firebase-crash:9.4.0] AndroidManifest.xml:26:9-27:50
100            android:name="com.google.firebase.crash.internal.service.FirebaseCrashReceiverService"
100-->[com.google.firebase:firebase-crash:9.4.0] AndroidManifest.xml:26:18-79
101            android:process=":background_crash" />
101-->[com.google.firebase:firebase-crash:9.4.0] AndroidManifest.xml:27:13-48
102        <service
102-->[com.google.firebase:firebase-crash:9.4.0] AndroidManifest.xml:29:9-30:50
103            android:name="com.google.firebase.crash.internal.service.FirebaseCrashSenderService"
103-->[com.google.firebase:firebase-crash:9.4.0] AndroidManifest.xml:29:18-77
104            android:process=":background_crash" />
104-->[com.google.firebase:firebase-crash:9.4.0] AndroidManifest.xml:30:13-48
105
106        <activity
106-->[com.google.android.gms:play-services-base:9.4.0] AndroidManifest.xml:20:9-22:45
107            android:name="com.google.android.gms.common.api.GoogleApiActivity"
107-->[com.google.android.gms:play-services-base:9.4.0] AndroidManifest.xml:20:19-85
108            android:exported="false"
108-->[com.google.android.gms:play-services-base:9.4.0] AndroidManifest.xml:22:19-43
109            android:theme="@android:style/Theme.Translucent.NoTitleBar" />
109-->[com.google.android.gms:play-services-base:9.4.0] AndroidManifest.xml:21:19-78
110        <!--
111 FirebaseMessagingService performs security checks at runtime,
112             no need for explicit permissions despite exported="true"
113        -->
114        <service
114-->[com.google.firebase:firebase-messaging:9.4.0] AndroidManifest.xml:24:9-30:19
115            android:name="com.google.firebase.messaging.FirebaseMessagingService"
115-->[com.google.firebase:firebase-messaging:9.4.0] AndroidManifest.xml:25:13-82
116            android:exported="true" >
116-->[com.google.firebase:firebase-messaging:9.4.0] AndroidManifest.xml:26:13-36
117            <intent-filter android:priority="-500" >
117-->[com.google.firebase:firebase-messaging:9.4.0] AndroidManifest.xml:27:13-29:29
117-->[com.google.firebase:firebase-messaging:9.4.0] AndroidManifest.xml:27:28-51
118                <action android:name="com.google.firebase.MESSAGING_EVENT" />
118-->[com.google.firebase:firebase-messaging:9.4.0] AndroidManifest.xml:28:17-78
118-->[com.google.firebase:firebase-messaging:9.4.0] AndroidManifest.xml:28:25-75
119            </intent-filter>
120        </service>
121        <service
121-->[com.google.android.gms:play-services-tagmanager-api:9.4.0] AndroidManifest.xml:25:9-27:42
122            android:name="com.google.android.gms.tagmanager.TagManagerService"
122-->[com.google.android.gms:play-services-tagmanager-api:9.4.0] AndroidManifest.xml:25:18-84
123            android:enabled="true"
123-->[com.google.android.gms:play-services-tagmanager-api:9.4.0] AndroidManifest.xml:27:17-39
124            android:exported="false" />
124-->[com.google.android.gms:play-services-tagmanager-api:9.4.0] AndroidManifest.xml:26:17-41
125
126        <activity
126-->[com.google.android.gms:play-services-tagmanager-api:9.4.0] AndroidManifest.xml:28:9-37:20
127            android:name="com.google.android.gms.tagmanager.TagManagerPreviewActivity"
127-->[com.google.android.gms:play-services-tagmanager-api:9.4.0] AndroidManifest.xml:29:13-87
128            android:noHistory="true" > <!-- optional, removes the previewActivity from the activity stack. -->
128-->[com.google.android.gms:play-services-tagmanager-api:9.4.0] AndroidManifest.xml:30:13-37
129            <intent-filter>
129-->[com.google.android.gms:play-services-tagmanager-api:9.4.0] AndroidManifest.xml:31:13-36:29
130                <data android:scheme="tagmanager.c.com.drivealert.Drowsiness.drivealert" />
130-->[com.google.android.gms:play-services-tagmanager-api:9.4.0] AndroidManifest.xml:32:17-72
130-->[com.google.android.gms:play-services-tagmanager-api:9.4.0] AndroidManifest.xml:32:23-69
131
132                <action android:name="android.intent.action.VIEW" />
132-->[com.google.android.gms:play-services-tagmanager-api:9.4.0] AndroidManifest.xml:33:17-69
132-->[com.google.android.gms:play-services-tagmanager-api:9.4.0] AndroidManifest.xml:33:25-66
133
134                <category android:name="android.intent.category.DEFAULT" />
134-->[com.google.android.gms:play-services-appinvite:9.4.0] AndroidManifest.xml:27:17-75
134-->[com.google.android.gms:play-services-appinvite:9.4.0] AndroidManifest.xml:27:27-73
135                <category android:name="android.intent.category.BROWSABLE" />
135-->[com.google.android.gms:play-services-tagmanager-api:9.4.0] AndroidManifest.xml:35:17-77
135-->[com.google.android.gms:play-services-tagmanager-api:9.4.0] AndroidManifest.xml:35:27-75
136            </intent-filter>
137        </activity>
138
139        <receiver
139-->[com.google.firebase:firebase-analytics:9.4.0] AndroidManifest.xml:28:7-34:18
140            android:name="com.google.android.gms.measurement.AppMeasurementReceiver"
140-->[com.google.firebase:firebase-analytics:9.4.0] AndroidManifest.xml:29:11-83
141            android:enabled="true" >
141-->[com.google.firebase:firebase-analytics:9.4.0] AndroidManifest.xml:30:11-33
142            <intent-filter>
142-->[com.google.firebase:firebase-analytics:9.4.0] AndroidManifest.xml:31:9-33:25
143                <action android:name="com.google.android.gms.measurement.UPLOAD" />
143-->[com.google.firebase:firebase-analytics:9.4.0] AndroidManifest.xml:32:11-77
143-->[com.google.firebase:firebase-analytics:9.4.0] AndroidManifest.xml:32:19-75
144            </intent-filter>
145        </receiver>
146
147        <service
147-->[com.google.firebase:firebase-analytics:9.4.0] AndroidManifest.xml:36:7-39:37
148            android:name="com.google.android.gms.measurement.AppMeasurementService"
148-->[com.google.firebase:firebase-analytics:9.4.0] AndroidManifest.xml:37:11-82
149            android:enabled="true"
149-->[com.google.firebase:firebase-analytics:9.4.0] AndroidManifest.xml:38:11-33
150            android:exported="false" />
150-->[com.google.firebase:firebase-analytics:9.4.0] AndroidManifest.xml:39:11-35
151
152        <receiver
152-->[com.google.firebase:firebase-iid:9.4.0] AndroidManifest.xml:32:9-41:20
153            android:name="com.google.firebase.iid.FirebaseInstanceIdReceiver"
153-->[com.google.firebase:firebase-iid:9.4.0] AndroidManifest.xml:33:13-78
154            android:exported="true"
154-->[com.google.firebase:firebase-iid:9.4.0] AndroidManifest.xml:34:13-36
155            android:permission="com.google.android.c2dm.permission.SEND" >
155-->[com.google.firebase:firebase-iid:9.4.0] AndroidManifest.xml:35:13-73
156            <intent-filter>
156-->[com.google.firebase:firebase-iid:9.4.0] AndroidManifest.xml:36:13-40:29
157                <action android:name="com.google.android.c2dm.intent.RECEIVE" />
157-->[com.google.firebase:firebase-iid:9.4.0] AndroidManifest.xml:37:17-81
157-->[com.google.firebase:firebase-iid:9.4.0] AndroidManifest.xml:37:25-78
158                <action android:name="com.google.android.c2dm.intent.REGISTRATION" />
158-->[com.google.firebase:firebase-iid:9.4.0] AndroidManifest.xml:38:17-86
158-->[com.google.firebase:firebase-iid:9.4.0] AndroidManifest.xml:38:25-83
159
160                <category android:name="com.drivealert.Drowsiness.drivealert" />
160-->[com.google.firebase:firebase-iid:9.4.0] AndroidManifest.xml:39:17-61
160-->[com.google.firebase:firebase-iid:9.4.0] AndroidManifest.xml:39:27-58
161            </intent-filter>
162        </receiver>
163        <!--
164 Internal (not exported) receiver used by the app to start its own exported services
165             without risk of being spoofed.
166        -->
167        <receiver
167-->[com.google.firebase:firebase-iid:9.4.0] AndroidManifest.xml:45:9-47:40
168            android:name="com.google.firebase.iid.FirebaseInstanceIdInternalReceiver"
168-->[com.google.firebase:firebase-iid:9.4.0] AndroidManifest.xml:46:13-86
169            android:exported="false" />
169-->[com.google.firebase:firebase-iid:9.4.0] AndroidManifest.xml:47:13-37
170        <!--
171 FirebaseInstanceIdService performs security checks at runtime,
172             no need for explicit permissions despite exported="true"
173        -->
174        <service
174-->[com.google.firebase:firebase-iid:9.4.0] AndroidManifest.xml:51:9-57:19
175            android:name="com.google.firebase.iid.FirebaseInstanceIdService"
175-->[com.google.firebase:firebase-iid:9.4.0] AndroidManifest.xml:52:13-77
176            android:exported="true" >
176-->[com.google.firebase:firebase-iid:9.4.0] AndroidManifest.xml:53:13-36
177            <intent-filter android:priority="-500" >
177-->[com.google.firebase:firebase-iid:9.4.0] AndroidManifest.xml:54:13-56:29
177-->[com.google.firebase:firebase-iid:9.4.0] AndroidManifest.xml:54:28-51
178                <action android:name="com.google.firebase.INSTANCE_ID_EVENT" />
178-->[com.google.firebase:firebase-iid:9.4.0] AndroidManifest.xml:55:17-80
178-->[com.google.firebase:firebase-iid:9.4.0] AndroidManifest.xml:55:25-77
179            </intent-filter>
180        </service>
181
182        <provider
182-->[com.google.firebase:firebase-common:9.4.0] AndroidManifest.xml:7:9-11:39
183            android:name="com.google.firebase.provider.FirebaseInitProvider"
183-->[com.google.firebase:firebase-common:9.4.0] AndroidManifest.xml:9:13-58
184            android:authorities="com.drivealert.Drowsiness.drivealert.firebaseinitprovider"
184-->[com.google.firebase:firebase-common:9.4.0] AndroidManifest.xml:8:13-72
185            android:exported="false"
185-->[com.google.firebase:firebase-common:9.4.0] AndroidManifest.xml:10:13-37
186            android:initOrder="100" />
186-->[com.google.firebase:firebase-common:9.4.0] AndroidManifest.xml:11:13-36
187
188        <meta-data
188-->[com.google.android.gms:play-services-basement:9.4.0] AndroidManifest.xml:21:9-23:69
189            android:name="com.google.android.gms.version"
189-->[com.google.android.gms:play-services-basement:9.4.0] AndroidManifest.xml:22:13-58
190            android:value="@integer/google_play_services_version" />
190-->[com.google.android.gms:play-services-basement:9.4.0] AndroidManifest.xml:23:13-66
191    </application>
192
193</manifest>